SF:lib/core/models/result_model.dart
DA:5,1
DA:9,1
DA:14,1
LF:3
LH:3
end_of_record
SF:lib/modules/dog/models/dog_model.dart
DA:8,1
LF:1
LH:1
end_of_record
SF:lib/modules/dog/view/dogs_view.dart
DA:13,1
DA:18,1
DA:19,1
DA:23,1
DA:25,1
DA:26,1
DA:28,1
DA:30,1
DA:31,1
DA:32,1
DA:35,1
DA:36,1
DA:37,1
DA:38,1
DA:39,1
DA:40,2
DA:50,1
DA:57,1
DA:58,1
DA:59,3
DA:60,1
DA:61,1
DA:62,1
DA:63,3
DA:64,3
DA:69,1
DA:70,1
DA:71,1
DA:72,1
DA:73,1
DA:74,1
LF:31
LH:31
end_of_record
SF:lib/modules/dog/mixins/dog_mixin.dart
DA:9,5
DA:11,3
DA:15,2
DA:17,7
DA:21,1
DA:23,1
DA:25,1
DA:27,1
DA:30,1
DA:32,2
DA:33,1
DA:36,1
DA:37,2
DA:39,1
DA:40,2
DA:41,2
DA:42,3
DA:43,1
DA:44,1
DA:49,3
DA:52,3
DA:53,3
DA:56,1
DA:57,2
DA:58,1
DA:63,1
DA:64,2
DA:65,1
DA:66,5
DA:67,1
DA:70,5
DA:71,1
DA:77,1
DA:78,1
DA:80,1
DA:82,1
DA:83,2
DA:84,3
DA:88,3
DA:89,2
DA:90,1
DA:94,3
DA:95,2
DA:96,2
DA:97,1
DA:98,1
DA:100,3
DA:103,1
DA:104,2
DA:105,1
DA:110,1
DA:111,1
DA:112,2
DA:113,2
DA:117,3
DA:120,3
DA:121,3
DA:124,1
DA:125,2
DA:126,1
DA:131,1
DA:132,1
DA:133,1
DA:137,1
DA:138,3
DA:139,0
DA:140,0
DA:143,1
DA:144,2
DA:145,1
DA:149,3
DA:152,3
DA:153,3
DA:156,1
DA:157,2
DA:158,1
DA:163,1
DA:164,1
DA:166,1
DA:168,1
DA:169,2
DA:170,3
DA:174,3
DA:175,2
DA:176,1
DA:177,2
DA:181,3
DA:182,2
DA:183,2
DA:184,1
DA:185,1
DA:187,3
DA:190,1
DA:191,2
DA:192,1
LF:95
LH:93
end_of_record
SF:lib/modules/dog/widgets/failed_information_widget.dart
DA:4,1
DA:11,1
DA:13,1
DA:16,1
DA:17,1
DA:18,1
DA:19,2
LF:7
LH:7
end_of_record
SF:lib/modules/dog/state/dog_view_state.dart
DA:12,1
DA:18,1
DA:24,1
DA:33,1
DA:44,1
DA:53,1
LF:6
LH:6
end_of_record
SF:lib/modules/dog/widgets/dog_list_widget.dart
DA:7,1
DA:12,1
DA:14,1
DA:17,1
DA:18,2
DA:19,1
DA:20,2
DA:21,1
DA:24,3
DA:25,1
DA:26,1
DA:27,2
DA:29,2
DA:30,4
LF:14
LH:14
end_of_record
SF:lib/modules/dog/widgets/idle_list_widget.dart
DA:4,1
DA:6,1
DA:8,1
LF:3
LH:3
end_of_record
SF:lib/modules/dog/widgets/loading_indicator_widget.dart
DA:4,1
DA:6,1
DA:8,1
DA:10,1
DA:11,3
DA:16,1
LF:6
LH:6
end_of_record
