SF:lib/core/models/result_model.dart
DA:5,1
DA:9,1
DA:14,1
LF:3
LH:3
end_of_record
SF:lib/modules/dog/models/dog_model.dart
DA:8,1
LF:1
LH:1
end_of_record
SF:lib/modules/dog/view/dogs_view.dart
DA:14,1
DA:19,1
DA:20,1
DA:24,1
DA:26,1
DA:27,2
DA:28,1
DA:30,1
DA:32,1
DA:33,1
DA:34,1
DA:37,1
DA:38,1
DA:39,1
DA:40,1
DA:41,1
DA:42,2
DA:52,1
DA:60,1
DA:61,2
DA:62,3
DA:63,3
DA:64,3
DA:65,3
DA:66,3
DA:67,3
DA:72,1
DA:73,2
DA:74,1
DA:75,1
DA:76,1
DA:77,1
LF:32
LH:32
end_of_record
SF:lib/modules/dog/mixins/dog_mixin.dart
DA:10,1
DA:11,6
DA:13,4
DA:17,2
DA:19,1
DA:20,6
DA:24,1
DA:26,1
DA:28,1
DA:30,1
DA:33,1
DA:35,2
DA:36,2
DA:37,1
DA:40,1
DA:41,2
DA:43,4
DA:44,3
DA:45,0
DA:46,0
DA:50,3
DA:53,3
DA:54,3
DA:57,2
DA:60,1
DA:61,2
DA:62,1
DA:63,1
DA:64,3
DA:65,3
DA:66,1
DA:69,1
DA:70,3
DA:71,3
DA:72,1
DA:78,1
DA:79,1
DA:81,2
DA:83,4
DA:85,3
DA:86,2
DA:87,1
DA:91,3
DA:92,2
DA:93,2
DA:94,1
DA:95,1
DA:97,3
DA:100,2
DA:103,1
DA:104,3
DA:107,3
DA:110,3
DA:111,3
DA:114,2
DA:117,1
DA:118,1
DA:119,1
DA:123,2
DA:124,3
DA:125,0
DA:128,2
DA:131,3
DA:134,3
DA:135,3
DA:138,2
DA:141,1
DA:142,1
DA:144,2
DA:146,4
DA:148,3
DA:149,2
DA:150,1
DA:151,2
DA:155,3
DA:156,2
DA:157,2
DA:158,1
DA:159,1
DA:161,3
DA:164,2
LF:81
LH:78
end_of_record
SF:lib/modules/dog/widgets/failed_information_widget.dart
DA:4,1
DA:11,1
DA:13,1
DA:16,1
DA:17,1
DA:18,1
DA:19,2
LF:7
LH:7
end_of_record
SF:lib/modules/dog/state/dog_view_state.dart
DA:12,1
DA:18,1
DA:24,1
DA:33,1
DA:44,1
DA:53,1
LF:6
LH:6
end_of_record
SF:lib/modules/dog/widgets/dog_list_widget.dart
DA:7,1
DA:12,1
DA:14,1
DA:17,1
DA:18,2
DA:19,1
DA:20,2
DA:21,1
DA:24,3
DA:25,1
DA:26,1
DA:27,2
DA:29,2
DA:30,4
LF:14
LH:14
end_of_record
SF:lib/modules/dog/widgets/idle_list_widget.dart
DA:4,1
DA:6,1
DA:8,1
LF:3
LH:3
end_of_record
SF:lib/modules/dog/widgets/loading_indicator_widget.dart
DA:4,1
DA:6,1
DA:8,1
DA:10,1
DA:11,3
DA:16,1
LF:6
LH:6
end_of_record
